<?xml version="1.0" encoding="UTF-8"?>
<!-- Generated by org.testng.reporters.JUnitReportReporter -->
<testsuite hostname="Luiss-MacBook-Air.local" failures="0" tests="3" name="com.maddison.tests.AccountTest" time="6.449" errors="0" timestamp="2023-07-01T08:18:04 PET" skipped="0">
  <testcase classname="com.maddison.tests.AccountTest" name="viewOrdersInTransit" time="0.560"/>
  <testcase classname="com.maddison.tests.AccountTest" name="updateMiddleName" time="5.204"/>
  <testcase classname="com.maddison.tests.AccountTest" name="viewOrders" time="0.685"/>
</testsuite> <!-- com.maddison.tests.AccountTest -->
